gyp info it worked if it ends with ok
gyp info using node-gyp@9.0.0
gyp info using node@17.8.0 | linux | x64
gyp info find Python using Python version 3.8.10 found at "/usr/bin/python3"
gyp WARN EACCES current user ("bedo") does not have permission to access the dev dir "/root/.cache/node-gyp/17.8.0"
gyp WARN EACCES attempting to reinstall using temporary dev dir "/tmp/.node-gyp"
gyp http GET https://nodejs.org/download/release/v17.8.0/node-v17.8.0-headers.tar.gz
gyp http 200 https://nodejs.org/download/release/v17.8.0/node-v17.8.0-headers.tar.gz
gyp http GET https://nodejs.org/download/release/v17.8.0/SHASUMS256.txt
gyp http 200 https://nodejs.org/download/release/v17.8.0/SHASUMS256.txt
gyp info spawn /usr/bin/python3
gyp info spawn args [
gyp info spawn args   '/usr/local/lib/node_modules/npm/node_modules/node-gyp/gyp/gyp_main.py',
gyp info spawn args   'binding.gyp',
gyp info spawn args   '-f',
gyp info spawn args   'make',
gyp info spawn args   '-I',
gyp info spawn args   '/home/bedo/Desktop/NFT/NFT/NFT-Donem/node_modules/websocket/build/config.gypi',
gyp info spawn args   '-I',
gyp info spawn args   '/usr/local/lib/node_modules/npm/node_modules/node-gyp/addon.gypi',
gyp info spawn args   '-I',
gyp info spawn args   '/tmp/.node-gyp/17.8.0/include/node/common.gypi',
gyp info spawn args   '-Dlibrary=shared_library',
gyp info spawn args   '-Dvisibility=default',
gyp info spawn args   '-Dnode_root_dir=/tmp/.node-gyp/17.8.0',
gyp info spawn args   '-Dnode_gyp_dir=/usr/local/lib/node_modules/npm/node_modules/node-gyp',
gyp info spawn args   '-Dnode_lib_file=/tmp/.node-gyp/17.8.0/<(target_arch)/node.lib',
gyp info spawn args   '-Dmodule_root_dir=/home/bedo/Desktop/NFT/NFT/NFT-Donem/node_modules/websocket',
gyp info spawn args   '-Dnode_engine=v8',
gyp info spawn args   '--depth=.',
gyp info spawn args   '--no-parallel',
gyp info spawn args   '--generator-output',
gyp info spawn args   'build',
gyp info spawn args   '-Goutput_dir=.'
gyp info spawn args ]
gyp info spawn make
gyp info spawn args [ 'BUILDTYPE=Release', '-C', 'build' ]
In file included from ../src/bufferutil.cc:17:
../../nan/nan.h: In function ‘void Nan::AsyncQueueWorker(Nan::AsyncWorker*)’:
../../nan/nan.h:2298:62: warning: cast between incompatible function types from ‘void (*)(uv_work_t*)’ {aka ‘void (*)(uv_work_s*)’} to ‘uv_after_work_cb’ {aka ‘void (*)(uv_work_s*, int)’} [-Wcast-function-type]
 2298 |     , reinterpret_cast<uv_after_work_cb>(AsyncExecuteComplete)
      |                                                              ^
In file included from ../../nan/nan.h:2884,
                 from ../src/bufferutil.cc:17:
../../nan/nan_typedarray_contents.h: In constructor ‘Nan::TypedArrayContents<T>::TypedArrayContents(v8::Local<v8::Value>)’:
../../nan/nan_typedarray_contents.h:34:43: error: ‘class v8::ArrayBuffer’ has no member named ‘GetContents’
   34 |       data   = static_cast<char*>(buffer->GetContents().Data()) + byte_offset;
      |                                           ^~~~~~~~~~~
../src/bufferutil.cc: At global scope:
../src/bufferutil.cc:26:26: error: ‘v8::Handle’ has not been declared
   26 |   static void Initialize(v8::Handle<v8::Object> target)
      |                          ^~
../src/bufferutil.cc:26:36: error: expected ‘,’ or ‘...’ before ‘<’ token
   26 |   static void Initialize(v8::Handle<v8::Object> target)
      |                                    ^
../src/bufferutil.cc: In static member function ‘static void BufferUtil::Initialize(int)’:
../src/bufferutil.cc:34:14: error: ‘target’ was not declared in this scope
   34 |     Nan::Set(target, Nan::New<String>("BufferUtil").ToLocalChecked(), t->GetFunction());
      |              ^~~~~~
../src/bufferutil.cc:34:86: error: no matching function for call to ‘v8::FunctionTemplate::GetFunction()’
   34 |     Nan::Set(target, Nan::New<String>("BufferUtil").ToLocalChecked(), t->GetFunction());
      |                                                                                      ^
In file included from /tmp/.node-gyp/17.8.0/include/node/v8-function.h:15,
                 from /tmp/.node-gyp/17.8.0/include/node/v8.h:34,
                 from ../src/bufferutil.cc:8:
/tmp/.node-gyp/17.8.0/include/node/v8-template.h:499:46: note: candidate: ‘v8::MaybeLocal<v8::Function> v8::FunctionTemplate::GetFunction(v8::Local<v8::Context>)’
  499 |   V8_WARN_UNUSED_RESULT MaybeLocal<Function> GetFunction(
      |                                              ^~~~~~~~~~~
/tmp/.node-gyp/17.8.0/include/node/v8-template.h:499:46: note:   candidate expects 1 argument, 0 provided
../src/bufferutil.cc: In static member function ‘static Nan::NAN_METHOD_RETURN_TYPE BufferUtil::Merge(Nan::NAN_METHOD_ARGS_TYPE)’:
../src/bufferutil.cc:50:49: error: no matching function for call to ‘v8::Value::ToObject()’
   50 |     Local<Object> bufferObj = info[0]->ToObject();
      |                                                 ^
In file included from /tmp/.node-gyp/17.8.0/include/node/v8-primitive.h:11,
                 from /tmp/.node-gyp/17.8.0/include/node/v8-object.h:11,
                 from /tmp/.node-gyp/17.8.0/include/node/v8-array-buffer.h:13,
                 from /tmp/.node-gyp/17.8.0/include/node/v8.h:25,
                 from ../src/bufferutil.cc:8:
/tmp/.node-gyp/17.8.0/include/node/v8-value.h:372:44: note: candidate: ‘v8::MaybeLocal<v8::Object> v8::Value::ToObject(v8::Local<v8::Context>) const’
  372 |   V8_WARN_UNUSED_RESULT MaybeLocal<Object> ToObject(
      |                                            ^~~~~~~~
/tmp/.node-gyp/17.8.0/include/node/v8-value.h:372:44: note:   candidate expects 1 argument, 0 provided
../src/bufferutil.cc:57:39: error: no matching function for call to ‘v8::Array::Get(unsigned int&)’
   57 |       Local<Object> src = array->Get(i)->ToObject();
      |                                       ^
In file included from /tmp/.node-gyp/17.8.0/include/node/v8-array-buffer.h:13,
                 from /tmp/.node-gyp/17.8.0/include/node/v8.h:25,
                 from ../src/bufferutil.cc:8:
/tmp/.node-gyp/17.8.0/include/node/v8-object.h:290:43: note: candidate: ‘v8::MaybeLocal<v8::Value> v8::Object::Get(v8::Local<v8::Context>, v8::Local<v8::Value>)’
  290 |   V8_WARN_UNUSED_RESULT MaybeLocal<Value> Get(Local<Context> context,
      |                                           ^~~
/tmp/.node-gyp/17.8.0/include/node/v8-object.h:290:43: note:   candidate expects 2 arguments, 1 provided
/tmp/.node-gyp/17.8.0/include/node/v8-object.h:293:43: note: candidate: ‘v8::MaybeLocal<v8::Value> v8::Object::Get(v8::Local<v8::Context>, uint32_t)’
  293 |   V8_WARN_UNUSED_RESULT MaybeLocal<Value> Get(Local<Context> context,
      |                                           ^~~
/tmp/.node-gyp/17.8.0/include/node/v8-object.h:293:43: note:   candidate expects 2 arguments, 1 provided
../src/bufferutil.cc: In static member function ‘static Nan::NAN_METHOD_RETURN_TYPE BufferUtil::Unmask(Nan::NAN_METHOD_ARGS_TYPE)’:
../src/bufferutil.cc:68:50: error: no matching function for call to ‘v8::Value::ToObject()’
   68 |     Local<Object> buffer_obj = info[0]->ToObject();
      |                                                  ^
In file included from /tmp/.node-gyp/17.8.0/include/node/v8-primitive.h:11,
                 from /tmp/.node-gyp/17.8.0/include/node/v8-object.h:11,
                 from /tmp/.node-gyp/17.8.0/include/node/v8-array-buffer.h:13,
                 from /tmp/.node-gyp/17.8.0/include/node/v8.h:25,
                 from ../src/bufferutil.cc:8:
/tmp/.node-gyp/17.8.0/include/node/v8-value.h:372:44: note: candidate: ‘v8::MaybeLocal<v8::Object> v8::Value::ToObject(v8::Local<v8::Context>) const’
  372 |   V8_WARN_UNUSED_RESULT MaybeLocal<Object> ToObject(
      |                                            ^~~~~~~~
/tmp/.node-gyp/17.8.0/include/node/v8-value.h:372:44: note:   candidate expects 1 argument, 0 provided
../src/bufferutil.cc:70:48: error: no matching function for call to ‘v8::Value::ToObject()’
   70 |     Local<Object> mask_obj = info[1]->ToObject();
      |                                                ^
In file included from /tmp/.node-gyp/17.8.0/include/node/v8-primitive.h:11,
                 from /tmp/.node-gyp/17.8.0/include/node/v8-object.h:11,
                 from /tmp/.node-gyp/17.8.0/include/node/v8-array-buffer.h:13,
                 from /tmp/.node-gyp/17.8.0/include/node/v8.h:25,
                 from ../src/bufferutil.cc:8:
/tmp/.node-gyp/17.8.0/include/node/v8-value.h:372:44: note: candidate: ‘v8::MaybeLocal<v8::Object> v8::Value::ToObject(v8::Local<v8::Context>) const’
  372 |   V8_WARN_UNUSED_RESULT MaybeLocal<Object> ToObject(
      |                                            ^~~~~~~~
/tmp/.node-gyp/17.8.0/include/node/v8-value.h:372:44: note:   candidate expects 1 argument, 0 provided
../src/bufferutil.cc: In static member function ‘static Nan::NAN_METHOD_RETURN_TYPE BufferUtil::Mask(Nan::NAN_METHOD_ARGS_TYPE)’:
../src/bufferutil.cc:89:50: error: no matching function for call to ‘v8::Value::ToObject()’
   89 |     Local<Object> buffer_obj = info[0]->ToObject();
      |                                                  ^
In file included from /tmp/.node-gyp/17.8.0/include/node/v8-primitive.h:11,
                 from /tmp/.node-gyp/17.8.0/include/node/v8-object.h:11,
                 from /tmp/.node-gyp/17.8.0/include/node/v8-array-buffer.h:13,
                 from /tmp/.node-gyp/17.8.0/include/node/v8.h:25,
                 from ../src/bufferutil.cc:8:
/tmp/.node-gyp/17.8.0/include/node/v8-value.h:372:44: note: candidate: ‘v8::MaybeLocal<v8::Object> v8::Value::ToObject(v8::Local<v8::Context>) const’
  372 |   V8_WARN_UNUSED_RESULT MaybeLocal<Object> ToObject(
      |                                            ^~~~~~~~
/tmp/.node-gyp/17.8.0/include/node/v8-value.h:372:44: note:   candidate expects 1 argument, 0 provided
../src/bufferutil.cc:90:48: error: no matching function for call to ‘v8::Value::ToObject()’
   90 |     Local<Object> mask_obj = info[1]->ToObject();
      |                                                ^
In file included from /tmp/.node-gyp/17.8.0/include/node/v8-primitive.h:11,
                 from /tmp/.node-gyp/17.8.0/include/node/v8-object.h:11,
                 from /tmp/.node-gyp/17.8.0/include/node/v8-array-buffer.h:13,
                 from /tmp/.node-gyp/17.8.0/include/node/v8.h:25,
                 from ../src/bufferutil.cc:8:
/tmp/.node-gyp/17.8.0/include/node/v8-value.h:372:44: note: candidate: ‘v8::MaybeLocal<v8::Object> v8::Value::ToObject(v8::Local<v8::Context>) const’
  372 |   V8_WARN_UNUSED_RESULT MaybeLocal<Object> ToObject(
      |                                            ^~~~~~~~
/tmp/.node-gyp/17.8.0/include/node/v8-value.h:372:44: note:   candidate expects 1 argument, 0 provided
../src/bufferutil.cc:92:50: error: no matching function for call to ‘v8::Value::ToObject()’
   92 |     Local<Object> output_obj = info[2]->ToObject();
      |                                                  ^
In file included from /tmp/.node-gyp/17.8.0/include/node/v8-primitive.h:11,
                 from /tmp/.node-gyp/17.8.0/include/node/v8-object.h:11,
                 from /tmp/.node-gyp/17.8.0/include/node/v8-array-buffer.h:13,
                 from /tmp/.node-gyp/17.8.0/include/node/v8.h:25,
                 from ../src/bufferutil.cc:8:
/tmp/.node-gyp/17.8.0/include/node/v8-value.h:372:44: note: candidate: ‘v8::MaybeLocal<v8::Object> v8::Value::ToObject(v8::Local<v8::Context>) const’
  372 |   V8_WARN_UNUSED_RESULT MaybeLocal<Object> ToObject(
      |                                            ^~~~~~~~
/tmp/.node-gyp/17.8.0/include/node/v8-value.h:372:44: note:   candidate expects 1 argument, 0 provided
../src/bufferutil.cc:93:51: error: no matching function for call to ‘v8::Value::Int32Value()’
   93 |     unsigned int dataOffset = info[3]->Int32Value();
      |                                                   ^
In file included from /tmp/.node-gyp/17.8.0/include/node/v8-primitive.h:11,
                 from /tmp/.node-gyp/17.8.0/include/node/v8-object.h:11,
                 from /tmp/.node-gyp/17.8.0/include/node/v8-array-buffer.h:13,
                 from /tmp/.node-gyp/17.8.0/include/node/v8.h:25,
                 from ../src/bufferutil.cc:8:
/tmp/.node-gyp/17.8.0/include/node/v8-value.h:419:40: note: candidate: ‘v8::Maybe<int> v8::Value::Int32Value(v8::Local<v8::Context>) const’
  419 |   V8_WARN_UNUSED_RESULT Maybe<int32_t> Int32Value(Local<Context> context) const;
      |                                        ^~~~~~~~~~
/tmp/.node-gyp/17.8.0/include/node/v8-value.h:419:40: note:   candidate expects 1 argument, 0 provided
../src/bufferutil.cc:94:47: error: no matching function for call to ‘v8::Value::Int32Value()’
   94 |     unsigned int length = info[4]->Int32Value();
      |                                               ^
In file included from /tmp/.node-gyp/17.8.0/include/node/v8-primitive.h:11,
                 from /tmp/.node-gyp/17.8.0/include/node/v8-object.h:11,
                 from /tmp/.node-gyp/17.8.0/include/node/v8-array-buffer.h:13,
                 from /tmp/.node-gyp/17.8.0/include/node/v8.h:25,
                 from ../src/bufferutil.cc:8:
/tmp/.node-gyp/17.8.0/include/node/v8-value.h:419:40: note: candidate: ‘v8::Maybe<int> v8::Value::Int32Value(v8::Local<v8::Context>) const’
  419 |   V8_WARN_UNUSED_RESULT Maybe<int32_t> Int32Value(Local<Context> context) const;
      |                                        ^~~~~~~~~~
/tmp/.node-gyp/17.8.0/include/node/v8-value.h:419:40: note:   candidate expects 1 argument, 0 provided
../src/bufferutil.cc: At global scope:
../src/bufferutil.cc:115:12: error: variable or field ‘init’ declared void
  115 | void init (Handle<Object> target)
      |            ^~~~~~
../src/bufferutil.cc:115:12: error: ‘Handle’ was not declared in this scope
../src/bufferutil.cc:115:25: error: expected primary-expression before ‘>’ token
  115 | void init (Handle<Object> target)
      |                         ^
../src/bufferutil.cc:115:27: error: ‘target’ was not declared in this scope
  115 | void init (Handle<Object> target)
      |                           ^~~~~~
In file included from ../src/bufferutil.cc:9:
../src/bufferutil.cc:121:25: error: ‘init’ was not declared in this scope; did you mean ‘int’?
  121 | NODE_MODULE(bufferutil, init)
      |                         ^~~~
/tmp/.node-gyp/17.8.0/include/node/node.h:848:36: note: in definition of macro ‘NODE_MODULE_X’
  848 |       (node::addon_register_func) (regfunc),                          \
      |                                    ^~~~~~~
../src/bufferutil.cc:121:1: note: in expansion of macro ‘NODE_MODULE’
  121 | NODE_MODULE(bufferutil, init)
      | ^~~~~~~~~~~
make: *** [bufferutil.target.mk:114: Release/obj.target/bufferutil/src/bufferutil.o] Error 1
gyp ERR! build error 
gyp ERR! stack Error: `make` failed with exit code: 2
gyp ERR! stack     at ChildProcess.onExit (/usr/local/lib/node_modules/npm/node_modules/node-gyp/lib/build.js:194:23)
gyp ERR! stack     at ChildProcess.emit (node:events:527:28)
gyp ERR! stack     at Process.ChildProcess._handle.onexit (node:internal/child_process:291:12)
gyp ERR! System Linux 5.13.0-39-generic
gyp ERR! command "/usr/local/bin/node" "/usr/local/lib/node_modules/npm/node_modules/node-gyp/bin/node-gyp.js" "rebuild"
gyp ERR! cwd /home/bedo/Desktop/NFT/NFT/NFT-Donem/node_modules/websocket
gyp ERR! node -v v17.8.0
gyp ERR! node-gyp -v v9.0.0
gyp ERR! not ok 
